2024-10-12T12:44:56.537+04:00  INFO 12484 --- [carManagerSpringBoot] [main] c.d.c.CarManagerSpringBootApplication    : Starting CarManagerSpringBootApplication using Java 22 with PID 12484 (C:\Users\VivoB\IdeaProjects\carManagerSpringBoot\build\classes\java\main started by VivoB in C:\Users\VivoB\IdeaProjects\carManagerSpringBoot)
2024-10-12T12:44:56.560+04:00  INFO 12484 --- [carManagerSpringBoot] [main] c.d.c.CarManagerSpringBootApplication    : No active profile set, falling back to 1 default profile: "default"
2024-10-12T12:44:57.518+04:00  INFO 12484 --- [carManagerSpringBoot] [main] .s.d.r.c.RepositoryConfigurationDelegate : Bootstrapping Spring Data JPA repositories in DEFAULT mode.
2024-10-12T12:44:57.600+04:00  INFO 12484 --- [carManagerSpringBoot] [main] .s.d.r.c.RepositoryConfigurationDelegate : Finished Spring Data repository scanning in 74 ms. Found 3 JPA repository interfaces.
2024-10-12T12:44:58.274+04:00  INFO 12484 --- [carManagerSpringBoot] [main] o.s.b.w.embedded.tomcat.TomcatWebServer  : Tomcat initialized with port 8080 (http)
2024-10-12T12:44:58.302+04:00  INFO 12484 --- [carManagerSpringBoot] [main] o.apache.catalina.core.StandardService   : Starting service [Tomcat]
2024-10-12T12:44:58.303+04:00  INFO 12484 --- [carManagerSpringBoot] [main] o.apache.catalina.core.StandardEngine    : Starting Servlet engine: [Apache Tomcat/10.1.26]
2024-10-12T12:44:58.402+04:00  INFO 12484 --- [carManagerSpringBoot] [main] o.a.c.c.C.[Tomcat].[localhost].[/]       : Initializing Spring embedded WebApplicationContext
2024-10-12T12:44:58.403+04:00  INFO 12484 --- [carManagerSpringBoot] [main] w.s.c.ServletWebServerApplicationContext : Root WebApplicationContext: initialization completed in 1763 ms
2024-10-12T12:44:58.546+04:00  INFO 12484 --- [carManagerSpringBoot] [main] com.zaxxer.hikari.HikariDataSource       : HikariPool-1 - Starting...
2024-10-12T12:44:58.678+04:00  INFO 12484 --- [carManagerSpringBoot] [main] com.zaxxer.hikari.pool.HikariPool        : HikariPool-1 - Added connection org.postgresql.jdbc.PgConnection@52454457
2024-10-12T12:44:58.681+04:00  INFO 12484 --- [carManagerSpringBoot] [main] com.zaxxer.hikari.HikariDataSource       : HikariPool-1 - Start completed.
2024-10-12T12:44:58.746+04:00  INFO 12484 --- [carManagerSpringBoot] [main] o.hibernate.jpa.internal.util.LogHelper  : HHH000204: Processing PersistenceUnitInfo [name: default]
2024-10-12T12:44:58.872+04:00  INFO 12484 --- [carManagerSpringBoot] [main] org.hibernate.Version                    : HHH000412: Hibernate ORM core version 6.5.2.Final
2024-10-12T12:44:58.940+04:00  INFO 12484 --- [carManagerSpringBoot] [main] o.h.c.internal.RegionFactoryInitiator    : HHH000026: Second-level cache disabled
2024-10-12T12:44:59.422+04:00  INFO 12484 --- [carManagerSpringBoot] [main] o.s.o.j.p.SpringPersistenceUnitInfo      : No LoadTimeWeaver setup: ignoring JPA class transformer
2024-10-12T12:44:59.541+04:00  WARN 12484 --- [carManagerSpringBoot] [main] org.hibernate.orm.deprecation            : HHH90000025: PostgreSQLDialect does not need to be specified explicitly using 'hibernate.dialect' (remove the property setting and it will be selected by default)
2024-10-12T12:45:00.833+04:00  INFO 12484 --- [carManagerSpringBoot] [main] o.h.e.t.j.p.i.JtaPlatformInitiator       : HHH000489: No JTA platform available (set 'hibernate.transaction.jta.platform' to enable JTA platform integration)
2024-10-12T12:45:00.838+04:00  INFO 12484 --- [carManagerSpringBoot] [main] j.LocalContainerEntityManagerFactoryBean : Initialized JPA EntityManagerFactory for persistence unit 'default'
2024-10-12T12:45:01.946+04:00  WARN 12484 --- [carManagerSpringBoot] [main] JpaBaseConfiguration$JpaWebConfiguration : spring.jpa.open-in-view is enabled by default. Therefore, database queries may be performed during view rendering. Explicitly configure spring.jpa.open-in-view to disable this warning
2024-10-12T12:45:02.566+04:00  INFO 12484 --- [carManagerSpringBoot] [main] o.s.b.w.embedded.tomcat.TomcatWebServer  : Tomcat started on port 8080 (http) with context path '/'
2024-10-12T12:45:02.574+04:00  INFO 12484 --- [carManagerSpringBoot] [main] c.d.c.CarManagerSpringBootApplication    : Started CarManagerSpringBootApplication in 6.603 seconds (process running for 19.837)
2024-10-12T12:45:02.577+04:00  INFO 12484 --- [carManagerSpringBoot] [main] c.d.c.CarManagerSpringBootApplication    : Application start!
2024-10-12T12:45:31.159+04:00  INFO 12484 --- [carManagerSpringBoot] [http-nio-8080-exec-2] o.a.c.c.C.[Tomcat].[localhost].[/]       : Initializing Spring DispatcherServlet 'dispatcherServlet'
2024-10-12T12:45:31.160+04:00  INFO 12484 --- [carManagerSpringBoot] [http-nio-8080-exec-2] o.s.web.servlet.DispatcherServlet        : Initializing Servlet 'dispatcherServlet'
2024-10-12T12:45:31.163+04:00  INFO 12484 --- [carManagerSpringBoot] [http-nio-8080-exec-2] o.s.web.servlet.DispatcherServlet        : Completed initialization in 3 ms
2024-10-12T12:45:31.717+04:00  INFO 12484 --- [carManagerSpringBoot] [http-nio-8080-exec-2] c.d.c.restControllers.CarRESTController  : CarDTOList - [CarDTO(id=156, dealerId=66, name=hhhh, date=2024-08-25, color=hhhhh, isAfterCrash=false), CarDTO(id=159, dealerId=83, name=sdvvv, date=2024-10-06, color=f, isAfterCrash=false)]
2024-10-12T14:04:44.044+04:00  INFO 12484 --- [carManagerSpringBoot] [SpringApplicationShutdownHook] j.LocalContainerEntityManagerFactoryBean : Closing JPA EntityManagerFactory for persistence unit 'default'
2024-10-12T14:04:44.250+04:00  INFO 12484 --- [carManagerSpringBoot] [SpringApplicationShutdownHook] com.zaxxer.hikari.HikariDataSource       : HikariPool-1 - Shutdown initiated...
2024-10-12T14:04:44.290+04:00  INFO 12484 --- [carManagerSpringBoot] [SpringApplicationShutdownHook] com.zaxxer.hikari.HikariDataSource       : HikariPool-1 - Shutdown completed.
